Start testing: Aug 01 15:13 CST
----------------------------------------------------------
1/33 Testing: BTreeTest.BTree_Put
1/33 Test: BTreeTest.BTree_Put
Command: "/home/ace/kv/build/BTree_test" "--gtest_filter=BTreeTest.BTree_Put" "--gtest_also_run_disabled_tests"
Directory: /home/ace/kv/build
"BTreeTest.BTree_Put" start time: Aug 01 15:13 CST
Output:
----------------------------------------------------------
Running main() from /home/ace/kv/googletest-03597a01ee50ed33e9dfd640b249b4be3799d395/googletest/src/gtest_main.cc
Note: Google Test filter = BTreeTest.BTree_Put
[==========] Running 1 test from 1 test suite.
[----------] Global test environment set-up.
[----------] 1 test from BTreeTest
[ RUN      ] BTreeTest.BTree_Put
[       OK ] BTreeTest.BTree_Put (0 ms)
[----------] 1 test from BTreeTest (0 ms total)

[----------] Global test environment tear-down
[==========] 1 test from 1 test suite ran. (0 ms total)
[  PASSED  ] 1 test.
<end of output>
Test time =   0.00 sec
----------------------------------------------------------
Test Passed.
"BTreeTest.BTree_Put" end time: Aug 01 15:13 CST
"BTreeTest.BTree_Put" time elapsed: 00:00:00
----------------------------------------------------------

2/33 Testing: BTreeTest.BTree_Get
2/33 Test: BTreeTest.BTree_Get
Command: "/home/ace/kv/build/BTree_test" "--gtest_filter=BTreeTest.BTree_Get" "--gtest_also_run_disabled_tests"
Directory: /home/ace/kv/build
"BTreeTest.BTree_Get" start time: Aug 01 15:13 CST
Output:
----------------------------------------------------------
Running main() from /home/ace/kv/googletest-03597a01ee50ed33e9dfd640b249b4be3799d395/googletest/src/gtest_main.cc
Note: Google Test filter = BTreeTest.BTree_Get
[==========] Running 1 test from 1 test suite.
[----------] Global test environment set-up.
[----------] 1 test from BTreeTest
[ RUN      ] BTreeTest.BTree_Get
[       OK ] BTreeTest.BTree_Get (0 ms)
[----------] 1 test from BTreeTest (0 ms total)

[----------] Global test environment tear-down
[==========] 1 test from 1 test suite ran. (0 ms total)
[  PASSED  ] 1 test.
<end of output>
Test time =   0.00 sec
----------------------------------------------------------
Test Passed.
"BTreeTest.BTree_Get" end time: Aug 01 15:13 CST
"BTreeTest.BTree_Get" time elapsed: 00:00:00
----------------------------------------------------------

3/33 Testing: BTreeTest.BTree_Delete
3/33 Test: BTreeTest.BTree_Delete
Command: "/home/ace/kv/build/BTree_test" "--gtest_filter=BTreeTest.BTree_Delete" "--gtest_also_run_disabled_tests"
Directory: /home/ace/kv/build
"BTreeTest.BTree_Delete" start time: Aug 01 15:13 CST
Output:
----------------------------------------------------------
Running main() from /home/ace/kv/googletest-03597a01ee50ed33e9dfd640b249b4be3799d395/googletest/src/gtest_main.cc
Note: Google Test filter = BTreeTest.BTree_Delete
[==========] Running 1 test from 1 test suite.
[----------] Global test environment set-up.
[----------] 1 test from BTreeTest
[ RUN      ] BTreeTest.BTree_Delete
[       OK ] BTreeTest.BTree_Delete (0 ms)
[----------] 1 test from BTreeTest (0 ms total)

[----------] Global test environment tear-down
[==========] 1 test from 1 test suite ran. (0 ms total)
[  PASSED  ] 1 test.
<end of output>
Test time =   0.00 sec
----------------------------------------------------------
Test Passed.
"BTreeTest.BTree_Delete" end time: Aug 01 15:13 CST
"BTreeTest.BTree_Delete" time elapsed: 00:00:00
----------------------------------------------------------

4/33 Testing: BTreeTest.BTree_Iterator
4/33 Test: BTreeTest.BTree_Iterator
Command: "/home/ace/kv/build/BTree_test" "--gtest_filter=BTreeTest.BTree_Iterator" "--gtest_also_run_disabled_tests"
Directory: /home/ace/kv/build
"BTreeTest.BTree_Iterator" start time: Aug 01 15:13 CST
Output:
----------------------------------------------------------
Running main() from /home/ace/kv/googletest-03597a01ee50ed33e9dfd640b249b4be3799d395/googletest/src/gtest_main.cc
Note: Google Test filter = BTreeTest.BTree_Iterator
[==========] Running 1 test from 1 test suite.
[----------] Global test environment set-up.
[----------] 1 test from BTreeTest
[ RUN      ] BTreeTest.BTree_Iterator
[       OK ] BTreeTest.BTree_Iterator (0 ms)
[----------] 1 test from BTreeTest (0 ms total)

[----------] Global test environment tear-down
[==========] 1 test from 1 test suite ran. (0 ms total)
[  PASSED  ] 1 test.
<end of output>
Test time =   0.00 sec
----------------------------------------------------------
Test Passed.
"BTreeTest.BTree_Iterator" end time: Aug 01 15:13 CST
"BTreeTest.BTree_Iterator" time elapsed: 00:00:00
----------------------------------------------------------

5/33 Testing: FileIOTest.OpenFile
5/33 Test: FileIOTest.OpenFile
Command: "/home/ace/kv/build/FileIO_test" "--gtest_filter=FileIOTest.OpenFile" "--gtest_also_run_disabled_tests"
Directory: /home/ace/kv/build
"FileIOTest.OpenFile" start time: Aug 01 15:13 CST
Output:
----------------------------------------------------------
Running main() from /home/ace/kv/googletest-03597a01ee50ed33e9dfd640b249b4be3799d395/googletest/src/gtest_main.cc
Note: Google Test filter = FileIOTest.OpenFile
[==========] Running 1 test from 1 test suite.
[----------] Global test environment set-up.
[----------] 1 test from FileIOTest
[ RUN      ] FileIOTest.OpenFile
[       OK ] FileIOTest.OpenFile (0 ms)
[----------] 1 test from FileIOTest (0 ms total)

[----------] Global test environment tear-down
[==========] 1 test from 1 test suite ran. (0 ms total)
[  PASSED  ] 1 test.
<end of output>
Test time =   0.00 sec
----------------------------------------------------------
Test Passed.
"FileIOTest.OpenFile" end time: Aug 01 15:13 CST
"FileIOTest.OpenFile" time elapsed: 00:00:00
----------------------------------------------------------

6/33 Testing: FileIOTest.WriteFile
6/33 Test: FileIOTest.WriteFile
Command: "/home/ace/kv/build/FileIO_test" "--gtest_filter=FileIOTest.WriteFile" "--gtest_also_run_disabled_tests"
Directory: /home/ace/kv/build
"FileIOTest.WriteFile" start time: Aug 01 15:13 CST
Output:
----------------------------------------------------------
Running main() from /home/ace/kv/googletest-03597a01ee50ed33e9dfd640b249b4be3799d395/googletest/src/gtest_main.cc
Note: Google Test filter = FileIOTest.WriteFile
[==========] Running 1 test from 1 test suite.
[----------] Global test environment set-up.
[----------] 1 test from FileIOTest
[ RUN      ] FileIOTest.WriteFile
[       OK ] FileIOTest.WriteFile (0 ms)
[----------] 1 test from FileIOTest (0 ms total)

[----------] Global test environment tear-down
[==========] 1 test from 1 test suite ran. (0 ms total)
[  PASSED  ] 1 test.
<end of output>
Test time =   0.00 sec
----------------------------------------------------------
Test Passed.
"FileIOTest.WriteFile" end time: Aug 01 15:13 CST
"FileIOTest.WriteFile" time elapsed: 00:00:00
----------------------------------------------------------

7/33 Testing: FileIOTest.ReadFile
7/33 Test: FileIOTest.ReadFile
Command: "/home/ace/kv/build/FileIO_test" "--gtest_filter=FileIOTest.ReadFile" "--gtest_also_run_disabled_tests"
Directory: /home/ace/kv/build
"FileIOTest.ReadFile" start time: Aug 01 15:13 CST
Output:
----------------------------------------------------------
Running main() from /home/ace/kv/googletest-03597a01ee50ed33e9dfd640b249b4be3799d395/googletest/src/gtest_main.cc
Note: Google Test filter = FileIOTest.ReadFile
[==========] Running 1 test from 1 test suite.
[----------] Global test environment set-up.
[----------] 1 test from FileIOTest
[ RUN      ] FileIOTest.ReadFile
[       OK ] FileIOTest.ReadFile (0 ms)
[----------] 1 test from FileIOTest (0 ms total)

[----------] Global test environment tear-down
[==========] 1 test from 1 test suite ran. (0 ms total)
[  PASSED  ] 1 test.
<end of output>
Test time =   0.00 sec
----------------------------------------------------------
Test Passed.
"FileIOTest.ReadFile" end time: Aug 01 15:13 CST
"FileIOTest.ReadFile" time elapsed: 00:00:00
----------------------------------------------------------

8/33 Testing: FileIOTest.SizeFile
8/33 Test: FileIOTest.SizeFile
Command: "/home/ace/kv/build/FileIO_test" "--gtest_filter=FileIOTest.SizeFile" "--gtest_also_run_disabled_tests"
Directory: /home/ace/kv/build
"FileIOTest.SizeFile" start time: Aug 01 15:13 CST
Output:
----------------------------------------------------------
Running main() from /home/ace/kv/googletest-03597a01ee50ed33e9dfd640b249b4be3799d395/googletest/src/gtest_main.cc
Note: Google Test filter = FileIOTest.SizeFile
[==========] Running 1 test from 1 test suite.
[----------] Global test environment set-up.
[----------] 1 test from FileIOTest
[ RUN      ] FileIOTest.SizeFile
[       OK ] FileIOTest.SizeFile (0 ms)
[----------] 1 test from FileIOTest (0 ms total)

[----------] Global test environment tear-down
[==========] 1 test from 1 test suite ran. (0 ms total)
[  PASSED  ] 1 test.
<end of output>
Test time =   0.00 sec
----------------------------------------------------------
Test Passed.
"FileIOTest.SizeFile" end time: Aug 01 15:13 CST
"FileIOTest.SizeFile" time elapsed: 00:00:00
----------------------------------------------------------

9/33 Testing: FileIOTest.SyncFile
9/33 Test: FileIOTest.SyncFile
Command: "/home/ace/kv/build/FileIO_test" "--gtest_filter=FileIOTest.SyncFile" "--gtest_also_run_disabled_tests"
Directory: /home/ace/kv/build
"FileIOTest.SyncFile" start time: Aug 01 15:13 CST
Output:
----------------------------------------------------------
Running main() from /home/ace/kv/googletest-03597a01ee50ed33e9dfd640b249b4be3799d395/googletest/src/gtest_main.cc
Note: Google Test filter = FileIOTest.SyncFile
[==========] Running 1 test from 1 test suite.
[----------] Global test environment set-up.
[----------] 1 test from FileIOTest
[ RUN      ] FileIOTest.SyncFile
[       OK ] FileIOTest.SyncFile (0 ms)
[----------] 1 test from FileIOTest (0 ms total)

[----------] Global test environment tear-down
[==========] 1 test from 1 test suite ran. (0 ms total)
[  PASSED  ] 1 test.
<end of output>
Test time =   0.00 sec
----------------------------------------------------------
Test Passed.
"FileIOTest.SyncFile" end time: Aug 01 15:13 CST
"FileIOTest.SyncFile" time elapsed: 00:00:00
----------------------------------------------------------

10/33 Testing: FileIOTest.CloseFile
10/33 Test: FileIOTest.CloseFile
Command: "/home/ace/kv/build/FileIO_test" "--gtest_filter=FileIOTest.CloseFile" "--gtest_also_run_disabled_tests"
Directory: /home/ace/kv/build
"FileIOTest.CloseFile" start time: Aug 01 15:13 CST
Output:
----------------------------------------------------------
Running main() from /home/ace/kv/googletest-03597a01ee50ed33e9dfd640b249b4be3799d395/googletest/src/gtest_main.cc
Note: Google Test filter = FileIOTest.CloseFile
[==========] Running 1 test from 1 test suite.
[----------] Global test environment set-up.
[----------] 1 test from FileIOTest
[ RUN      ] FileIOTest.CloseFile
[       OK ] FileIOTest.CloseFile (0 ms)
[----------] 1 test from FileIOTest (0 ms total)

[----------] Global test environment tear-down
[==========] 1 test from 1 test suite ran. (0 ms total)
[  PASSED  ] 1 test.
<end of output>
Test time =   0.00 sec
----------------------------------------------------------
Test Passed.
"FileIOTest.CloseFile" end time: Aug 01 15:13 CST
"FileIOTest.CloseFile" time elapsed: 00:00:00
----------------------------------------------------------

11/33 Testing: FileIOTest.DestroyFile
11/33 Test: FileIOTest.DestroyFile
Command: "/home/ace/kv/build/FileIO_test" "--gtest_filter=FileIOTest.DestroyFile" "--gtest_also_run_disabled_tests"
Directory: /home/ace/kv/build
"FileIOTest.DestroyFile" start time: Aug 01 15:13 CST
Output:
----------------------------------------------------------
Running main() from /home/ace/kv/googletest-03597a01ee50ed33e9dfd640b249b4be3799d395/googletest/src/gtest_main.cc
Note: Google Test filter = FileIOTest.DestroyFile
[==========] Running 1 test from 1 test suite.
[----------] Global test environment set-up.
[----------] 1 test from FileIOTest
[ RUN      ] FileIOTest.DestroyFile
[       OK ] FileIOTest.DestroyFile (0 ms)
[----------] 1 test from FileIOTest (0 ms total)

[----------] Global test environment tear-down
[==========] 1 test from 1 test suite ran. (0 ms total)
[  PASSED  ] 1 test.
<end of output>
Test time =   0.00 sec
----------------------------------------------------------
Test Passed.
"FileIOTest.DestroyFile" end time: Aug 01 15:13 CST
"FileIOTest.DestroyFile" time elapsed: 00:00:00
----------------------------------------------------------

12/33 Testing: MmapTest.OpenFile
12/33 Test: MmapTest.OpenFile
Command: "/home/ace/kv/build/Mmap_test" "--gtest_filter=MmapTest.OpenFile" "--gtest_also_run_disabled_tests"
Directory: /home/ace/kv/build
"MmapTest.OpenFile" start time: Aug 01 15:13 CST
Output:
----------------------------------------------------------
Running main() from /home/ace/kv/googletest-03597a01ee50ed33e9dfd640b249b4be3799d395/googletest/src/gtest_main.cc
Note: Google Test filter = MmapTest.OpenFile
[==========] Running 1 test from 1 test suite.
[----------] Global test environment set-up.
[----------] 1 test from MmapTest
[ RUN      ] MmapTest.OpenFile
[       OK ] MmapTest.OpenFile (0 ms)
[----------] 1 test from MmapTest (0 ms total)

[----------] Global test environment tear-down
[==========] 1 test from 1 test suite ran. (0 ms total)
[  PASSED  ] 1 test.
<end of output>
Test time =   0.00 sec
----------------------------------------------------------
Test Passed.
"MmapTest.OpenFile" end time: Aug 01 15:13 CST
"MmapTest.OpenFile" time elapsed: 00:00:00
----------------------------------------------------------

13/33 Testing: MmapTest.ReadFile
13/33 Test: MmapTest.ReadFile
Command: "/home/ace/kv/build/Mmap_test" "--gtest_filter=MmapTest.ReadFile" "--gtest_also_run_disabled_tests"
Directory: /home/ace/kv/build
"MmapTest.ReadFile" start time: Aug 01 15:13 CST
Output:
----------------------------------------------------------
Running main() from /home/ace/kv/googletest-03597a01ee50ed33e9dfd640b249b4be3799d395/googletest/src/gtest_main.cc
Note: Google Test filter = MmapTest.ReadFile
[==========] Running 1 test from 1 test suite.
[----------] Global test environment set-up.
[----------] 1 test from MmapTest
[ RUN      ] MmapTest.ReadFile
[       OK ] MmapTest.ReadFile (0 ms)
[----------] 1 test from MmapTest (0 ms total)

[----------] Global test environment tear-down
[==========] 1 test from 1 test suite ran. (0 ms total)
[  PASSED  ] 1 test.
<end of output>
Test time =   0.00 sec
----------------------------------------------------------
Test Passed.
"MmapTest.ReadFile" end time: Aug 01 15:13 CST
"MmapTest.ReadFile" time elapsed: 00:00:00
----------------------------------------------------------

14/33 Testing: MmapTest.SizeFile
14/33 Test: MmapTest.SizeFile
Command: "/home/ace/kv/build/Mmap_test" "--gtest_filter=MmapTest.SizeFile" "--gtest_also_run_disabled_tests"
Directory: /home/ace/kv/build
"MmapTest.SizeFile" start time: Aug 01 15:13 CST
Output:
----------------------------------------------------------
Running main() from /home/ace/kv/googletest-03597a01ee50ed33e9dfd640b249b4be3799d395/googletest/src/gtest_main.cc
Note: Google Test filter = MmapTest.SizeFile
[==========] Running 1 test from 1 test suite.
[----------] Global test environment set-up.
[----------] 1 test from MmapTest
[ RUN      ] MmapTest.SizeFile
[       OK ] MmapTest.SizeFile (0 ms)
[----------] 1 test from MmapTest (0 ms total)

[----------] Global test environment tear-down
[==========] 1 test from 1 test suite ran. (0 ms total)
[  PASSED  ] 1 test.
<end of output>
Test time =   0.00 sec
----------------------------------------------------------
Test Passed.
"MmapTest.SizeFile" end time: Aug 01 15:13 CST
"MmapTest.SizeFile" time elapsed: 00:00:00
----------------------------------------------------------

15/33 Testing: MmapTest.CloseFile
15/33 Test: MmapTest.CloseFile
Command: "/home/ace/kv/build/Mmap_test" "--gtest_filter=MmapTest.CloseFile" "--gtest_also_run_disabled_tests"
Directory: /home/ace/kv/build
"MmapTest.CloseFile" start time: Aug 01 15:13 CST
Output:
----------------------------------------------------------
Running main() from /home/ace/kv/googletest-03597a01ee50ed33e9dfd640b249b4be3799d395/googletest/src/gtest_main.cc
Note: Google Test filter = MmapTest.CloseFile
[==========] Running 1 test from 1 test suite.
[----------] Global test environment set-up.
[----------] 1 test from MmapTest
[ RUN      ] MmapTest.CloseFile
[       OK ] MmapTest.CloseFile (0 ms)
[----------] 1 test from MmapTest (0 ms total)

[----------] Global test environment tear-down
[==========] 1 test from 1 test suite ran. (0 ms total)
[  PASSED  ] 1 test.
<end of output>
Test time =   0.00 sec
----------------------------------------------------------
Test Passed.
"MmapTest.CloseFile" end time: Aug 01 15:13 CST
"MmapTest.CloseFile" time elapsed: 00:00:00
----------------------------------------------------------

16/33 Testing: MmapTest.DestroyFile
16/33 Test: MmapTest.DestroyFile
Command: "/home/ace/kv/build/Mmap_test" "--gtest_filter=MmapTest.DestroyFile" "--gtest_also_run_disabled_tests"
Directory: /home/ace/kv/build
"MmapTest.DestroyFile" start time: Aug 01 15:13 CST
Output:
----------------------------------------------------------
Running main() from /home/ace/kv/googletest-03597a01ee50ed33e9dfd640b249b4be3799d395/googletest/src/gtest_main.cc
Note: Google Test filter = MmapTest.DestroyFile
[==========] Running 1 test from 1 test suite.
[----------] Global test environment set-up.
[----------] 1 test from MmapTest
[ RUN      ] MmapTest.DestroyFile
[       OK ] MmapTest.DestroyFile (0 ms)
[----------] 1 test from MmapTest (0 ms total)

[----------] Global test environment tear-down
[==========] 1 test from 1 test suite ran. (0 ms total)
[  PASSED  ] 1 test.
<end of output>
Test time =   0.00 sec
----------------------------------------------------------
Test Passed.
"MmapTest.DestroyFile" end time: Aug 01 15:13 CST
"MmapTest.DestroyFile" time elapsed: 00:00:00
----------------------------------------------------------

17/33 Testing: DataFile_test.DataFile
17/33 Test: DataFile_test.DataFile
Command: "/home/ace/kv/build/DataFile_test" "--gtest_filter=DataFile_test.DataFile" "--gtest_also_run_disabled_tests"
Directory: /home/ace/kv/build
"DataFile_test.DataFile" start time: Aug 01 15:13 CST
Output:
----------------------------------------------------------
Running main() from /home/ace/kv/googletest-03597a01ee50ed33e9dfd640b249b4be3799d395/googletest/src/gtest_main.cc
Note: Google Test filter = DataFile_test.DataFile
[==========] Running 1 test from 1 test suite.
[----------] Global test environment set-up.
[----------] 1 test from DataFile_test
[ RUN      ] DataFile_test.DataFile
[       OK ] DataFile_test.DataFile (0 ms)
[----------] 1 test from DataFile_test (0 ms total)

[----------] Global test environment tear-down
[==========] 1 test from 1 test suite ran. (0 ms total)
[  PASSED  ] 1 test.
<end of output>
Test time =   0.00 sec
----------------------------------------------------------
Test Passed.
"DataFile_test.DataFile" end time: Aug 01 15:13 CST
"DataFile_test.DataFile" time elapsed: 00:00:00
----------------------------------------------------------

18/33 Testing: DataFile_test.WriteAndSyncFile
18/33 Test: DataFile_test.WriteAndSyncFile
Command: "/home/ace/kv/build/DataFile_test" "--gtest_filter=DataFile_test.WriteAndSyncFile" "--gtest_also_run_disabled_tests"
Directory: /home/ace/kv/build
"DataFile_test.WriteAndSyncFile" start time: Aug 01 15:13 CST
Output:
----------------------------------------------------------
Running main() from /home/ace/kv/googletest-03597a01ee50ed33e9dfd640b249b4be3799d395/googletest/src/gtest_main.cc
Note: Google Test filter = DataFile_test.WriteAndSyncFile
[==========] Running 1 test from 1 test suite.
[----------] Global test environment set-up.
[----------] 1 test from DataFile_test
[ RUN      ] DataFile_test.WriteAndSyncFile
[       OK ] DataFile_test.WriteAndSyncFile (0 ms)
[----------] 1 test from DataFile_test (0 ms total)

[----------] Global test environment tear-down
[==========] 1 test from 1 test suite ran. (0 ms total)
[  PASSED  ] 1 test.
<end of output>
Test time =   0.00 sec
----------------------------------------------------------
Test Passed.
"DataFile_test.WriteAndSyncFile" end time: Aug 01 15:13 CST
"DataFile_test.WriteAndSyncFile" time elapsed: 00:00:00
----------------------------------------------------------

19/33 Testing: DataFile_test.CloseFile
19/33 Test: DataFile_test.CloseFile
Command: "/home/ace/kv/build/DataFile_test" "--gtest_filter=DataFile_test.CloseFile" "--gtest_also_run_disabled_tests"
Directory: /home/ace/kv/build
"DataFile_test.CloseFile" start time: Aug 01 15:13 CST
Output:
----------------------------------------------------------
Running main() from /home/ace/kv/googletest-03597a01ee50ed33e9dfd640b249b4be3799d395/googletest/src/gtest_main.cc
Note: Google Test filter = DataFile_test.CloseFile
[==========] Running 1 test from 1 test suite.
[----------] Global test environment set-up.
[----------] 1 test from DataFile_test
[ RUN      ] DataFile_test.CloseFile
[       OK ] DataFile_test.CloseFile (0 ms)
[----------] 1 test from DataFile_test (0 ms total)

[----------] Global test environment tear-down
[==========] 1 test from 1 test suite ran. (0 ms total)
[  PASSED  ] 1 test.
<end of output>
Test time =   0.00 sec
----------------------------------------------------------
Test Passed.
"DataFile_test.CloseFile" end time: Aug 01 15:13 CST
"DataFile_test.CloseFile" time elapsed: 00:00:00
----------------------------------------------------------

20/33 Testing: DataFile_test.DestroyFile
20/33 Test: DataFile_test.DestroyFile
Command: "/home/ace/kv/build/DataFile_test" "--gtest_filter=DataFile_test.DestroyFile" "--gtest_also_run_disabled_tests"
Directory: /home/ace/kv/build
"DataFile_test.DestroyFile" start time: Aug 01 15:13 CST
Output:
----------------------------------------------------------
Running main() from /home/ace/kv/googletest-03597a01ee50ed33e9dfd640b249b4be3799d395/googletest/src/gtest_main.cc
Note: Google Test filter = DataFile_test.DestroyFile
[==========] Running 1 test from 1 test suite.
[----------] Global test environment set-up.
[----------] 1 test from DataFile_test
[ RUN      ] DataFile_test.DestroyFile
[       OK ] DataFile_test.DestroyFile (0 ms)
[----------] 1 test from DataFile_test (0 ms total)

[----------] Global test environment tear-down
[==========] 1 test from 1 test suite ran. (0 ms total)
[  PASSED  ] 1 test.
<end of output>
Test time =   0.00 sec
----------------------------------------------------------
Test Passed.
"DataFile_test.DestroyFile" end time: Aug 01 15:13 CST
"DataFile_test.DestroyFile" time elapsed: 00:00:00
----------------------------------------------------------

21/33 Testing: LogRecord_Test.EncodeAndDecodeLogRecord
21/33 Test: LogRecord_Test.EncodeAndDecodeLogRecord
Command: "/home/ace/kv/build/LogRecord_test" "--gtest_filter=LogRecord_Test.EncodeAndDecodeLogRecord" "--gtest_also_run_disabled_tests"
Directory: /home/ace/kv/build
"LogRecord_Test.EncodeAndDecodeLogRecord" start time: Aug 01 15:13 CST
Output:
----------------------------------------------------------
Running main() from /home/ace/kv/googletest-03597a01ee50ed33e9dfd640b249b4be3799d395/googletest/src/gtest_main.cc
Note: Google Test filter = LogRecord_Test.EncodeAndDecodeLogRecord
[==========] Running 1 test from 1 test suite.
[----------] Global test environment set-up.
[----------] 1 test from LogRecord_Test
[ RUN      ] LogRecord_Test.EncodeAndDecodeLogRecord
[       OK ] LogRecord_Test.EncodeAndDecodeLogRecord (0 ms)
[----------] 1 test from LogRecord_Test (0 ms total)

[----------] Global test environment tear-down
[==========] 1 test from 1 test suite ran. (0 ms total)
[  PASSED  ] 1 test.
<end of output>
Test time =   0.00 sec
----------------------------------------------------------
Test Passed.
"LogRecord_Test.EncodeAndDecodeLogRecord" end time: Aug 01 15:13 CST
"LogRecord_Test.EncodeAndDecodeLogRecord" time elapsed: 00:00:00
----------------------------------------------------------

22/33 Testing: DB_Test.DBPutAndGet
22/33 Test: DB_Test.DBPutAndGet
Command: "/home/ace/kv/build/DB_test" "--gtest_filter=DB_Test.DBPutAndGet" "--gtest_also_run_disabled_tests"
Directory: /home/ace/kv/build
"DB_Test.DBPutAndGet" start time: Aug 01 15:13 CST
Output:
----------------------------------------------------------
Running main() from /home/ace/kv/googletest-03597a01ee50ed33e9dfd640b249b4be3799d395/googletest/src/gtest_main.cc
Note: Google Test filter = DB_Test.DBPutAndGet
[==========] Running 1 test from 1 test suite.
[----------] Global test environment set-up.
[----------] 1 test from DB_Test
[ RUN      ] DB_Test.DBPutAndGet
[       OK ] DB_Test.DBPutAndGet (0 ms)
[----------] 1 test from DB_Test (0 ms total)

[----------] Global test environment tear-down
[==========] 1 test from 1 test suite ran. (0 ms total)
[  PASSED  ] 1 test.
<end of output>
Test time =   0.00 sec
----------------------------------------------------------
Test Passed.
"DB_Test.DBPutAndGet" end time: Aug 01 15:13 CST
"DB_Test.DBPutAndGet" time elapsed: 00:00:00
----------------------------------------------------------

23/33 Testing: DB_Test.DBIndexLoadFromDataFile
23/33 Test: DB_Test.DBIndexLoadFromDataFile
Command: "/home/ace/kv/build/DB_test" "--gtest_filter=DB_Test.DBIndexLoadFromDataFile" "--gtest_also_run_disabled_tests"
Directory: /home/ace/kv/build
"DB_Test.DBIndexLoadFromDataFile" start time: Aug 01 15:13 CST
Output:
----------------------------------------------------------
Running main() from /home/ace/kv/googletest-03597a01ee50ed33e9dfd640b249b4be3799d395/googletest/src/gtest_main.cc
Note: Google Test filter = DB_Test.DBIndexLoadFromDataFile
[==========] Running 1 test from 1 test suite.
[----------] Global test environment set-up.
[----------] 1 test from DB_Test
[ RUN      ] DB_Test.DBIndexLoadFromDataFile
DB::Get Key Not Found
[       OK ] DB_Test.DBIndexLoadFromDataFile (0 ms)
[----------] 1 test from DB_Test (0 ms total)

[----------] Global test environment tear-down
[==========] 1 test from 1 test suite ran. (0 ms total)
[  PASSED  ] 1 test.
<end of output>
Test time =   0.00 sec
----------------------------------------------------------
Test Passed.
"DB_Test.DBIndexLoadFromDataFile" end time: Aug 01 15:13 CST
"DB_Test.DBIndexLoadFromDataFile" time elapsed: 00:00:00
----------------------------------------------------------

24/33 Testing: DB_Test.DBDelete
24/33 Test: DB_Test.DBDelete
Command: "/home/ace/kv/build/DB_test" "--gtest_filter=DB_Test.DBDelete" "--gtest_also_run_disabled_tests"
Directory: /home/ace/kv/build
"DB_Test.DBDelete" start time: Aug 01 15:13 CST
Output:
----------------------------------------------------------
Running main() from /home/ace/kv/googletest-03597a01ee50ed33e9dfd640b249b4be3799d395/googletest/src/gtest_main.cc
Note: Google Test filter = DB_Test.DBDelete
[==========] Running 1 test from 1 test suite.
[----------] Global test environment set-up.
[----------] 1 test from DB_Test
[ RUN      ] DB_Test.DBDelete
[       OK ] DB_Test.DBDelete (0 ms)
[----------] 1 test from DB_Test (0 ms total)

[----------] Global test environment tear-down
[==========] 1 test from 1 test suite ran. (0 ms total)
[  PASSED  ] 1 test.
<end of output>
Test time =   0.00 sec
----------------------------------------------------------
Test Passed.
"DB_Test.DBDelete" end time: Aug 01 15:13 CST
"DB_Test.DBDelete" time elapsed: 00:00:00
----------------------------------------------------------

25/33 Testing: DB_Test.DBIterator
25/33 Test: DB_Test.DBIterator
Command: "/home/ace/kv/build/DB_test" "--gtest_filter=DB_Test.DBIterator" "--gtest_also_run_disabled_tests"
Directory: /home/ace/kv/build
"DB_Test.DBIterator" start time: Aug 01 15:13 CST
Output:
----------------------------------------------------------
Running main() from /home/ace/kv/googletest-03597a01ee50ed33e9dfd640b249b4be3799d395/googletest/src/gtest_main.cc
Note: Google Test filter = DB_Test.DBIterator
[==========] Running 1 test from 1 test suite.
[----------] Global test environment set-up.
[----------] 1 test from DB_Test
[ RUN      ] DB_Test.DBIterator

[  INFO ] /home/ace/kv/test/DB_test.cpp:107:: 

[  INFO ] /home/ace/kv/test/DB_test.cpp:112:: DB::ReadLogRecord Crc fault

[       OK ] DB_Test.DBIterator (0 ms)
[----------] 1 test from DB_Test (0 ms total)

[----------] Global test environment tear-down
[==========] 1 test from 1 test suite ran. (0 ms total)
[  PASSED  ] 1 test.
<end of output>
Test time =   0.00 sec
----------------------------------------------------------
Test Passed.
"DB_Test.DBIterator" end time: Aug 01 15:13 CST
"DB_Test.DBIterator" time elapsed: 00:00:00
----------------------------------------------------------

26/33 Testing: DB_Test.DBFold
26/33 Test: DB_Test.DBFold
Command: "/home/ace/kv/build/DB_test" "--gtest_filter=DB_Test.DBFold" "--gtest_also_run_disabled_tests"
Directory: /home/ace/kv/build
"DB_Test.DBFold" start time: Aug 01 15:13 CST
Output:
----------------------------------------------------------
Running main() from /home/ace/kv/googletest-03597a01ee50ed33e9dfd640b249b4be3799d395/googletest/src/gtest_main.cc
Note: Google Test filter = DB_Test.DBFold
[==========] Running 1 test from 1 test suite.
[----------] Global test environment set-up.
[----------] 1 test from DB_Test
[ RUN      ] DB_Test.DBFold
[       OK ] DB_Test.DBFold (0 ms)
[----------] 1 test from DB_Test (0 ms total)

[----------] Global test environment tear-down
[==========] 1 test from 1 test suite ran. (0 ms total)
[  PASSED  ] 1 test.
<end of output>
Test time =   0.00 sec
----------------------------------------------------------
Test Passed.
"DB_Test.DBFold" end time: Aug 01 15:13 CST
"DB_Test.DBFold" time elapsed: 00:00:00
----------------------------------------------------------

27/33 Testing: DB_Test.DBListKey
27/33 Test: DB_Test.DBListKey
Command: "/home/ace/kv/build/DB_test" "--gtest_filter=DB_Test.DBListKey" "--gtest_also_run_disabled_tests"
Directory: /home/ace/kv/build
"DB_Test.DBListKey" start time: Aug 01 15:13 CST
Output:
----------------------------------------------------------
Running main() from /home/ace/kv/googletest-03597a01ee50ed33e9dfd640b249b4be3799d395/googletest/src/gtest_main.cc
Note: Google Test filter = DB_Test.DBListKey
[==========] Running 1 test from 1 test suite.
[----------] Global test environment set-up.
[----------] 1 test from DB_Test
[ RUN      ] DB_Test.DBListKey

[  INFO ] /home/ace/kv/test/DB_test.cpp:149:: DB::Get Key Not Found

[       OK ] DB_Test.DBListKey (0 ms)
[----------] 1 test from DB_Test (0 ms total)

[----------] Global test environment tear-down
[==========] 1 test from 1 test suite ran. (0 ms total)
[  PASSED  ] 1 test.
<end of output>
Test time =   0.00 sec
----------------------------------------------------------
Test Passed.
"DB_Test.DBListKey" end time: Aug 01 15:13 CST
"DB_Test.DBListKey" time elapsed: 00:00:00
----------------------------------------------------------

28/33 Testing: DB_Test.DestroyFiles
28/33 Test: DB_Test.DestroyFiles
Command: "/home/ace/kv/build/DB_test" "--gtest_filter=DB_Test.DestroyFiles" "--gtest_also_run_disabled_tests"
Directory: /home/ace/kv/build
"DB_Test.DestroyFiles" start time: Aug 01 15:13 CST
Output:
----------------------------------------------------------
Running main() from /home/ace/kv/googletest-03597a01ee50ed33e9dfd640b249b4be3799d395/googletest/src/gtest_main.cc
Note: Google Test filter = DB_Test.DestroyFiles
[==========] Running 1 test from 1 test suite.
[----------] Global test environment set-up.
[----------] 1 test from DB_Test
[ RUN      ] DB_Test.DestroyFiles
[       OK ] DB_Test.DestroyFiles (0 ms)
[----------] 1 test from DB_Test (0 ms total)

[----------] Global test environment tear-down
[==========] 1 test from 1 test suite ran. (0 ms total)
[  PASSED  ] 1 test.
<end of output>
Test time =   0.00 sec
----------------------------------------------------------
Test Passed.
"DB_Test.DestroyFiles" end time: Aug 01 15:13 CST
"DB_Test.DestroyFiles" time elapsed: 00:00:00
----------------------------------------------------------

29/33 Testing: DB_TEST.DBMerge
29/33 Test: DB_TEST.DBMerge
Command: "/home/ace/kv/build/DB_test" "--gtest_filter=DB_TEST.DBMerge" "--gtest_also_run_disabled_tests"
Directory: /home/ace/kv/build
"DB_TEST.DBMerge" start time: Aug 01 15:13 CST
Output:
----------------------------------------------------------
Running main() from /home/ace/kv/googletest-03597a01ee50ed33e9dfd640b249b4be3799d395/googletest/src/gtest_main.cc
Note: Google Test filter = DB_TEST.DBMerge
[==========] Running 1 test from 1 test suite.
[----------] Global test environment set-up.
[----------] 1 test from DB_TEST
[ RUN      ] DB_TEST.DBMerge

[  INFO ] /home/ace/kv/test/DB_test.cpp:181:: DB::Merge No Enough Space For Merge

[       OK ] DB_TEST.DBMerge (0 ms)
[----------] 1 test from DB_TEST (0 ms total)

[----------] Global test environment tear-down
[==========] 1 test from 1 test suite ran. (0 ms total)
[  PASSED  ] 1 test.
<end of output>
Test time =   0.00 sec
----------------------------------------------------------
Test Passed.
"DB_TEST.DBMerge" end time: Aug 01 15:13 CST
"DB_TEST.DBMerge" time elapsed: 00:00:00
----------------------------------------------------------

30/33 Testing: DB_TEST.DBMerge2
30/33 Test: DB_TEST.DBMerge2
Command: "/home/ace/kv/build/DB_test" "--gtest_filter=DB_TEST.DBMerge2" "--gtest_also_run_disabled_tests"
Directory: /home/ace/kv/build
"DB_TEST.DBMerge2" start time: Aug 01 15:13 CST
Output:
----------------------------------------------------------
Running main() from /home/ace/kv/googletest-03597a01ee50ed33e9dfd640b249b4be3799d395/googletest/src/gtest_main.cc
Note: Google Test filter = DB_TEST.DBMerge2
[==========] Running 1 test from 1 test suite.
[----------] Global test environment set-up.
[----------] 1 test from DB_TEST
[ RUN      ] DB_TEST.DBMerge2

[  INFO ] /home/ace/kv/test/DB_test.cpp:197:: DB::Get Key Not Found

[       OK ] DB_TEST.DBMerge2 (0 ms)
[----------] 1 test from DB_TEST (0 ms total)

[----------] Global test environment tear-down
[==========] 1 test from 1 test suite ran. (0 ms total)
[  PASSED  ] 1 test.
<end of output>
Test time =   0.00 sec
----------------------------------------------------------
Test Passed.
"DB_TEST.DBMerge2" end time: Aug 01 15:13 CST
"DB_TEST.DBMerge2" time elapsed: 00:00:00
----------------------------------------------------------

31/33 Testing: DB_TEST.DBFileLock
31/33 Test: DB_TEST.DBFileLock
Command: "/home/ace/kv/build/DB_test" "--gtest_filter=DB_TEST.DBFileLock" "--gtest_also_run_disabled_tests"
Directory: /home/ace/kv/build
"DB_TEST.DBFileLock" start time: Aug 01 15:13 CST
Output:
----------------------------------------------------------
Running main() from /home/ace/kv/googletest-03597a01ee50ed33e9dfd640b249b4be3799d395/googletest/src/gtest_main.cc
Note: Google Test filter = DB_TEST.DBFileLock
[==========] Running 1 test from 1 test suite.
[----------] Global test environment set-up.
[----------] 1 test from DB_TEST
[ RUN      ] DB_TEST.DBFileLock

[  INFO ] /home/ace/kv/test/DB_test.cpp:211:: DB::Open File Lock Occupied

[       OK ] DB_TEST.DBFileLock (0 ms)
[----------] 1 test from DB_TEST (0 ms total)

[----------] Global test environment tear-down
[==========] 1 test from 1 test suite ran. (0 ms total)
[  PASSED  ] 1 test.
<end of output>
Test time =   0.00 sec
----------------------------------------------------------
Test Passed.
"DB_TEST.DBFileLock" end time: Aug 01 15:13 CST
"DB_TEST.DBFileLock" time elapsed: 00:00:00
----------------------------------------------------------

32/33 Testing: DB_TEST.DBStatement
32/33 Test: DB_TEST.DBStatement
Command: "/home/ace/kv/build/DB_test" "--gtest_filter=DB_TEST.DBStatement" "--gtest_also_run_disabled_tests"
Directory: /home/ace/kv/build
"DB_TEST.DBStatement" start time: Aug 01 15:13 CST
Output:
----------------------------------------------------------
Running main() from /home/ace/kv/googletest-03597a01ee50ed33e9dfd640b249b4be3799d395/googletest/src/gtest_main.cc
Note: Google Test filter = DB_TEST.DBStatement
[==========] Running 1 test from 1 test suite.
[----------] Global test environment set-up.
[----------] 1 test from DB_TEST
[ RUN      ] DB_TEST.DBStatement

[  INFO ] /home/ace/kv/test/DB_test.cpp:229:: reclaimableSize: 2290

[       OK ] DB_TEST.DBStatement (0 ms)
[----------] 1 test from DB_TEST (0 ms total)

[----------] Global test environment tear-down
[==========] 1 test from 1 test suite ran. (0 ms total)
[  PASSED  ] 1 test.
<end of output>
Test time =   0.00 sec
----------------------------------------------------------
Test Passed.
"DB_TEST.DBStatement" end time: Aug 01 15:13 CST
"DB_TEST.DBStatement" time elapsed: 00:00:00
----------------------------------------------------------

33/33 Testing: DB_TEST.DBBackUp
33/33 Test: DB_TEST.DBBackUp
Command: "/home/ace/kv/build/DB_test" "--gtest_filter=DB_TEST.DBBackUp" "--gtest_also_run_disabled_tests"
Directory: /home/ace/kv/build
"DB_TEST.DBBackUp" start time: Aug 01 15:13 CST
Output:
----------------------------------------------------------
Running main() from /home/ace/kv/googletest-03597a01ee50ed33e9dfd640b249b4be3799d395/googletest/src/gtest_main.cc
Note: Google Test filter = DB_TEST.DBBackUp
[==========] Running 1 test from 1 test suite.
[----------] Global test environment set-up.
[----------] 1 test from DB_TEST
[ RUN      ] DB_TEST.DBBackUp
[       OK ] DB_TEST.DBBackUp (9 ms)
[----------] 1 test from DB_TEST (9 ms total)

[----------] Global test environment tear-down
[==========] 1 test from 1 test suite ran. (9 ms total)
[  PASSED  ] 1 test.
<end of output>
Test time =   0.01 sec
----------------------------------------------------------
Test Passed.
"DB_TEST.DBBackUp" end time: Aug 01 15:13 CST
"DB_TEST.DBBackUp" time elapsed: 00:00:00
----------------------------------------------------------

End testing: Aug 01 15:13 CST
